0 info it worked if it ends with ok
1 verbose cli [ 'D:\\Program Files\\nodejs\\node.exe',
1 verbose cli   'C:\\Users\\Georges\\AppData\\Roaming\\npm\\node_modules\\npm\\bin\\npm-cli.js',
1 verbose cli   'bugs',
1 verbose cli   'sboka' ]
2 info using npm@3.10.9
3 info using node@v5.10.1
4 silly fetchPackageMetaData sboka
5 silly fetchNamedPackageData sboka
6 silly mapToRegistry name sboka
7 silly mapToRegistry using default registry
8 silly mapToRegistry registry https://registry.npmjs.org/
9 silly mapToRegistry data Result {
9 silly mapToRegistry   raw: 'sboka',
9 silly mapToRegistry   scope: null,
9 silly mapToRegistry   escapedName: 'sboka',
9 silly mapToRegistry   name: 'sboka',
9 silly mapToRegistry   rawSpec: '',
9 silly mapToRegistry   spec: 'latest',
9 silly mapToRegistry   type: 'tag' }
10 silly mapToRegistry uri https://registry.npmjs.org/sboka
11 verbose request uri https://registry.npmjs.org/sboka
12 verbose request no auth needed
13 info attempt registry request try #1 at 13:05:44
14 verbose request id b3839a396ff6ea7c
15 http request GET https://registry.npmjs.org/sboka
16 http 404 https://registry.npmjs.org/sboka
17 verbose headers { 'content-type': 'application/json',
17 verbose headers   'cache-control': 'max-age=0',
17 verbose headers   'content-length': '2',
17 verbose headers   'accept-ranges': 'bytes',
17 verbose headers   date: 'Mon, 13 Feb 2017 12:05:44 GMT',
17 verbose headers   via: '1.1 varnish',
17 verbose headers   age: '0',
17 verbose headers   connection: 'keep-alive',
17 verbose headers   'x-served-by': 'cache-lcy1125-LCY',
17 verbose headers   'x-cache': 'MISS',
17 verbose headers   'x-cache-hits': '0',
17 verbose headers   'x-timer': 'S1486987544.340005,VS0,VE348',
17 verbose headers   vary: 'Accept-Encoding' }
18 silly get cb [ 404,
18 silly get   { 'content-type': 'application/json',
18 silly get     'cache-control': 'max-age=0',
18 silly get     'content-length': '2',
18 silly get     'accept-ranges': 'bytes',
18 silly get     date: 'Mon, 13 Feb 2017 12:05:44 GMT',
18 silly get     via: '1.1 varnish',
18 silly get     age: '0',
18 silly get     connection: 'keep-alive',
18 silly get     'x-served-by': 'cache-lcy1125-LCY',
18 silly get     'x-cache': 'MISS',
18 silly get     'x-cache-hits': '0',
18 silly get     'x-timer': 'S1486987544.340005,VS0,VE348',
18 silly get     vary: 'Accept-Encoding' } ]
19 silly fetchPackageMetaData Error: Registry returned 404 for GET on https://registry.npmjs.org/sboka
19 silly fetchPackageMetaData     at makeError (C:\Users\Georges\AppData\Roaming\npm\node_modules\npm\node_modules\npm-registry-client\lib\request.js:302:12)
19 silly fetchPackageMetaData     at CachingRegistryClient.<anonymous> (C:\Users\Georges\AppData\Roaming\npm\node_modules\npm\node_modules\npm-registry-client\lib\request.js:280:14)
19 silly fetchPackageMetaData     at Request._callback (C:\Users\Georges\AppData\Roaming\npm\node_modules\npm\node_modules\npm-registry-client\lib\request.js:210:14)
19 silly fetchPackageMetaData     at Request.self.callback (C:\Users\Georges\AppData\Roaming\npm\node_modules\npm\node_modules\request\request.js:187:22)
19 silly fetchPackageMetaData     at emitTwo (events.js:100:13)
19 silly fetchPackageMetaData     at Request.emit (events.js:185:7)
19 silly fetchPackageMetaData     at Request.<anonymous> (C:\Users\Georges\AppData\Roaming\npm\node_modules\npm\node_modules\request\request.js:1048:10)
19 silly fetchPackageMetaData     at emitOne (events.js:90:13)
19 silly fetchPackageMetaData     at Request.emit (events.js:182:7)
19 silly fetchPackageMetaData     at IncomingMessage.<anonymous> (C:\Users\Georges\AppData\Roaming\npm\node_modules\npm\node_modules\request\request.js:969:12)
19 silly fetchPackageMetaData  error for sboka { [Error: Registry returned 404 for GET on https://registry.npmjs.org/sboka] pkgid: 'sboka', statusCode: 404, code: 'E404' }
20 verbose stack Error: Registry returned 404 for GET on https://registry.npmjs.org/sboka
20 verbose stack     at makeError (C:\Users\Georges\AppData\Roaming\npm\node_modules\npm\node_modules\npm-registry-client\lib\request.js:302:12)
20 verbose stack     at CachingRegistryClient.<anonymous> (C:\Users\Georges\AppData\Roaming\npm\node_modules\npm\node_modules\npm-registry-client\lib\request.js:280:14)
20 verbose stack     at Request._callback (C:\Users\Georges\AppData\Roaming\npm\node_modules\npm\node_modules\npm-registry-client\lib\request.js:210:14)
20 verbose stack     at Request.self.callback (C:\Users\Georges\AppData\Roaming\npm\node_modules\npm\node_modules\request\request.js:187:22)
20 verbose stack     at emitTwo (events.js:100:13)
20 verbose stack     at Request.emit (events.js:185:7)
20 verbose stack     at Request.<anonymous> (C:\Users\Georges\AppData\Roaming\npm\node_modules\npm\node_modules\request\request.js:1048:10)
20 verbose stack     at emitOne (events.js:90:13)
20 verbose stack     at Request.emit (events.js:182:7)
20 verbose stack     at IncomingMessage.<anonymous> (C:\Users\Georges\AppData\Roaming\npm\node_modules\npm\node_modules\request\request.js:969:12)
21 verbose statusCode 404
22 verbose pkgid sboka
23 verbose cwd D:\dropbox\Dropbox\SBOKA
24 error Windows_NT 10.0.14393
25 error argv "D:\\Program Files\\nodejs\\node.exe" "C:\\Users\\Georges\\AppData\\Roaming\\npm\\node_modules\\npm\\bin\\npm-cli.js" "bugs" "sboka"
26 error node v5.10.1
27 error npm  v3.10.9
28 error code E404
29 error 404 Registry returned 404 for GET on https://registry.npmjs.org/sboka
30 error 404
31 error 404 'sboka' is not in the npm registry.
32 error 404 You should bug the author to publish it (or use the name yourself!)
33 error 404 Note that you can also install from a
34 error 404 tarball, folder, http url, or git url.
35 verbose exit [ 1, true ]
